C51 COMPILER V9.60.7.0   ENGINE_SPEED_SCAN                                                 11/20/2024 15:06:13 PAGE 1   


C51 COMPILER V9.60.7.0, COMPILATION OF MODULE ENGINE_SPEED_SCAN
OBJECT MODULE PLACED IN .\Release\Objects\engine_speed_scan.obj
COMPILER INVOKED BY: C:\Keil_v5\C51\BIN\C51.EXE ..\..\User\engine_speed_scan.c LARGE OPTIMIZE(8,SIZE) BROWSE INTVECTOR(0
                    -X000C) INCDIR(..\..\Libraries\Include;..\..\User;..\..\User\lib;..\..\Hardware) INTERVAL(3) DEBUG OBJECTEXTEND PRINT(.\R
                    -elease\Listings\engine_speed_scan.lst) OBJECT(.\Release\Objects\engine_speed_scan.obj)

line level    source

   1          #include "engine_speed_scan.h"
   2          
   3          // 发动机每转一圈，能检测到的脉冲个数
   4          #ifndef ENGINE_PULSE_PER_TURN
   5          #define ENGINE_PULSE_PER_TURN (16)
   6          #endif
   7          
   8          static volatile u32 detect_engine_pulse_cnt = 0; // 脉冲计数值
   9          
  10          // 发动机转速的相关配置
  11          void engine_speed_scan_config(void)
  12          {
  13   1          // 使用IO中断来对脉冲计数
  14   1          __SetIRQnIP(P1_IRQn, P1_IQn_CFG); // 设置中断优先级
  15   1          __EnableIRQ(P1_IRQn);             // 使能P1中断
  16   1          IE_EA = 1;                        // 使能总开关
  17   1      
  18   1          P1_MD0 &= ~GPIO_P12_MODE_SEL(0x3); // 输入模式
  19   1          P1_PD |= GPIO_P12_PULL_PD(0x1);    // 配置为下拉
  20   1          P1_IMK |= GPIO_P12_IRQ_MASK(0x1);  // 使能IO中断
  21   1          P1_TRG0 &= ~GPIO_P12_TRG_SEL(0x3);
  22   1          P1_TRG0 |= GPIO_P12_TRG_SEL(0x2); // 配置上升沿触发
  23   1      }
  24          
  25          // 发动机转速扫描
  26          void engine_speed_scan(void)
  27          {
  28   1          u32 rpm = 0;
  29   1      
  30   1          if (tmr1_cnt >= 2500) // 如果已经过了250ms
  31   1          {
  32   2              // 下面是根据250ms检测到的脉冲个数来计算出每分钟的转速
  33   2              // 250ms * 4 * 60 == 1min
  34   2              rpm = detect_engine_pulse_cnt * 240 / ENGINE_PULSE_PER_TURN; // 计算得出1min的转速
  35   2      
  36   2              tmr1_cnt = 0; 
  37   2              detect_engine_pulse_cnt = 0;
  38   2              fun_info.engine_speeed = rpm; //
  39   2      #if USE_MY_DEBUG
  40   2              printf("engine speed %lu rpm\n", rpm);
  41   2      #endif
  42   2      
  43   2      
  44   2              flag_get_engine_speed = 1; // 多久更新一次状态还未确定
  45   2          }
  46   1      
  47   1      
  48   1      }
  49          
  50          // P1中断服务函数
  51          void P1_IRQHandler(void) interrupt P1_IRQn
  52          {
  53   1          // Px_PND寄存器写任何值都会清标志位
C51 COMPILER V9.60.7.0   ENGINE_SPEED_SCAN                                                 11/20/2024 15:06:13 PAGE 2   

  54   1          u8 p1_pnd = P1_PND;
  55   1      
  56   1          // 进入中断设置IP，不可删除
  57   1          __IRQnIPnPush(P1_IRQn);
  58   1          // ---------------- 用户函数处理 -------------------
  59   1      
  60   1          if (p1_pnd & GPIO_P12_IRQ_PNG(0x1))
  61   1          {
  62   2              detect_engine_pulse_cnt++;
  63   2          }
  64   1          P1_PND = p1_pnd; // 清P1中断标志位
  65   1      
  66   1          // -------------------------------------------------
  67   1          // 退出中断设置IP，不可删除
  68   1          __IRQnIPnPop(P1_IRQn);
  69   1      }


MODULE INFORMATION:   STATIC OVERLAYABLE
   CODE SIZE        =    240    ----
   CONSTANT SIZE    =     22    ----
   XDATA SIZE       =      4       4
   PDATA SIZE       =   ----    ----
   DATA SIZE        =   ----    ----
   IDATA SIZE       =   ----    ----
   BIT SIZE         =   ----    ----
END OF MODULE INFORMATION.


C51 COMPILATION COMPLETE.  0 WARNING(S),  0 ERROR(S)
