C51 COMPILER V9.60.7.0   MILEAGE                                                           11/20/2024 15:06:13 PAGE 1   


C51 COMPILER V9.60.7.0, COMPILATION OF MODULE MILEAGE
OBJECT MODULE PLACED IN .\Release\Objects\mileage.obj
COMPILER INVOKED BY: C:\Keil_v5\C51\BIN\C51.EXE ..\..\User\mileage.c LARGE OPTIMIZE(8,SIZE) BROWSE INTVECTOR(0X000C) INC
                    -DIR(..\..\Libraries\Include;..\..\User;..\..\User\lib;..\..\Hardware) INTERVAL(3) DEBUG OBJECTEXTEND PRINT(.\Release\Lis
                    -tings\mileage.lst) OBJECT(.\Release\Objects\mileage.obj)

line level    source

   1          // é‡Œç¨‹è¡¨çš„æºç¨‹åº
   2          #include "mileage.h"
   3          
   4          // æ€»é‡Œç¨‹æ‰«æ
   5          void mileage_scan(void)
   6          {
   7   1          static u32 old_total_mileage = 0;    // ç”¨æ¥è®°å½•æ—§çš„å¤§è®¡é‡Œç¨‹çš„å˜é‡
   8   1          static u32 old_subtotal_mileage = 0; // ç”¨æ¥è®°å½•æ—§çš„å°è®¡é‡Œç¨‹çš„å˜é‡
   9   1      
  10   1          static bit flag_tmr_is_open = 0; // å®šæ—¶å™¨æ˜¯å¦æ‰“å¼€çš„æ ‡å¿—ä½
  11   1      
  12   1          // æ‰“å¼€å®šæ—¶å™¨
  13   1          if (0 == flag_tmr_is_open)
  14   1          {
  15   2              flag_tmr_is_open = 1;
  16   2              tmr3_cnt = 0;
  17   2              tmr3_enable();
  18   2          }
  19   1      
  20   1          if (tmr3_cnt >= 30000) // 30000 ms -- 30s
  21   1          {
  22   2              // æ¯30så°†å¤§è®¡é‡Œç¨‹å’Œå°è®¡é‡Œç¨‹å†™å…¥flash
  23   2              // tmr3_disable();
  24   2              tmr3_cnt = 0;
  25   2              // flag_tmr_is_open = 0;
  26   2      
  27   2              // flash_write(0x00, (u8 *)&fun_info, sizeof(fun_info));
  28   2              fun_info_save(); // å°† fun_info å†™å›flash
  29   2          }
  30   1      
  31   1          if (distance >= 1000)
  32   1          {
  33   2              // å¦‚æœèµ°è¿‡çš„è·ç¦»è¶…è¿‡äº†1mï¼Œå†è¿›è¡Œä¿å­˜
  34   2              fun_info.save_info.total_mileage += distance / 1000;    // å°†æ¯«ç±³è½¬æ¢æˆç±³ï¼Œå†ä¿å­˜
  35   2              fun_info.save_info.subtotal_mileage += distance / 1000; // å°†æ¯«ç±³è½¬æ¢æˆç±³ï¼Œå†ä¿å­˜
  36   2              distance -= 1000;                             // å‰©ä¸‹çš„ã€æœªä¿å­˜çš„ã€ä¸æ»¡1mçš„æ•°æ®ç•™åˆ
             -°ä¸‹ä¸€æ¬¡å†ä¿å­˜
  37   2          }
  38   1      
  39   1      #ifdef USE_INTERNATIONAL /* å…¬åˆ¶å•ä½ */
  40   1                            // å¦‚æœå¤§è®¡é‡Œç¨‹æœ‰å˜åŒ–ä¸”è¶…è¿‡äº†100m
  41   1          if ((fun_info.save_info.total_mileage - old_total_mileage) > 100)
  42   1      #else /* USE_IMPERIAL // è‹±åˆ¶å•ä½ */
                  // å¦‚æœå¤§è®¡é‡Œç¨‹æœ‰å˜åŒ–ä¸”è¶…è¿‡äº†161m(0.1è‹±é‡Œ)
                  if ((fun_info.save_info.total_mileage - old_total_mileage) > 161)
              #endif
  46   1          {
  47   2              old_total_mileage = fun_info.save_info.total_mileage; // è®°å½•æ—§çš„é‡Œç¨‹
  48   2      
  49   2              // printf("total mileage: %lum\n", fun_info.total_mileage);
  50   2      
  51   2              {
  52   3                  // å‘é€æ•°æ®çš„æ“ä½œï¼Œå¯ä»¥å…ˆç½®æ ‡å¿—ä½
C51 COMPILER V9.60.7.0   MILEAGE                                                           11/20/2024 15:06:13 PAGE 2   

  53   3                  flag_get_total_mileage = 1;
  54   3              }
  55   2          }
  56   1      
  57   1      #ifdef USE_INTERNATIONAL /* å…¬åˆ¶å•ä½ */
  58   1                            // å¦‚æœå°è®¡é‡Œç¨‹æœ‰å˜åŒ–ä¸”è¶…è¿‡äº†100m
  59   1          if ((fun_info.save_info.subtotal_mileage - old_subtotal_mileage) > 100)
  60   1      #else /* USE_IMPERIAL // è‹±åˆ¶å•ä½ */
                  // å¦‚æœå°è®¡é‡Œç¨‹æœ‰å˜åŒ–ä¸”è¶…è¿‡äº†161m(0.1è‹±é‡Œ)
                  if ((fun_info.save_info.subtotal_mileage - old_subtotal_mileage) > 161)
              #endif
  64   1          {
  65   2              old_subtotal_mileage = fun_info.save_info.subtotal_mileage; // è®°å½•æ—§çš„é‡Œç¨‹
  66   2      
  67   2              // printf("subtotal mileage: %lum\n", fun_info.subtotal_mileage);
  68   2      
  69   2              {
  70   3                  // å‘é€æ•°æ®çš„æ“ä½œï¼Œå¯ä»¥å…ˆç½®æ ‡å¿—ä½
  71   3                  flag_get_sub_total_mileage = 1;
  72   3              }
  73   2          }
  74   1      }


MODULE INFORMATION:   STATIC OVERLAYABLE
   CODE SIZE        =    275    ----
   CONSTANT SIZE    =   ----    ----
   XDATA SIZE       =      8    ----
   PDATA SIZE       =   ----    ----
   DATA SIZE        =   ----    ----
   IDATA SIZE       =   ----    ----
   BIT SIZE         =      1    ----
END OF MODULE INFORMATION.


C51 COMPILATION COMPLETE.  0 WARNING(S),  0 ERROR(S)
